<?xml version="1.0" encoding="UTF-8"?>
<testsuites name="Login Test" time="16.186" tests="1" failures="0" errors="0">
   <testsuite name="Login Test" tests="1" failures="0" errors="0" time="16.186" skipped="0" timestamp="2025-08-25T14:51:58.265Z" hostname="user - DESKTOP-B0BSFCQ" id="Test Suites/Login Test">
      <properties>
         <property name="deviceName" value=""/>
         <property name="devicePlatform"/>
         <property name="logFolder" value="C:\\Users\\user\\Katalon Studio\\Test\\Reports\\20250825_215146\\Login Test\\20250825_215146"/>
         <property name="logFiles" value="C:\\Users\\user\\Katalon Studio\\Test\\Reports\\20250825_215146\\Login Test\\20250825_215146\\console0.log, C:\\Users\\user\\Katalon Studio\\Test\\Reports\\20250825_215146\\Login Test\\20250825_215146\\execution0.log"/>
         <property name="attachments" value=""/>
         <property name="hostName" value="user - DESKTOP-B0BSFCQ"/>
         <property name="os" value="Windows 11 64bit"/>
         <property name="katalonVersion" value="10.3.1.0"/>
         <property name="browser" value="Chrome 139.0.7258.139"/>
         <property name="userFullName" value="Dhamara Pratama"/>
         <property name="hostAddress" value="192.168.1.35"/>
         <property name="sessionId" value="9a0805801c85a6ec48cf9d9093e11756"/>
         <property name="projectName" value="Test"/>
         <property name="seleniumVersion" value="4.28.1"/>
         <property name="proxyInformation" value="ProxyInformation { proxyOption=NO_PROXY, proxyServerType=HTTP, username=, password=********, proxyServerAddress=, proxyServerPort=0, executionList=&quot;&quot;, isApplyToDesiredCapabilities=true }"/>
         <property name="platform" value="Windows 11"/>
      </properties>
      <testcase name="Test Cases/Test Login/TC_Login" time="15.651" classname="Test Cases/Test Login/TC_Login" status="PASSED">
         <system-out><![CDATA[25-08-2025T21:51:58 - [TEST_CASE][PASSED] - Test Cases/Test Login/TC_Login: Test Cases/Test Login/TC_Login

25-08-2025T21:51:59 - [TEST_STEP][PASSED] - openBrowser(""): Browser is opened with url: ''

25-08-2025T21:51:59 - [MESSAGE][INFO] - Starting 'Chrome' driver

25-08-2025T21:51:59 - [MESSAGE][INFO] - Action delay is set to 0 milliseconds

25-08-2025T21:52:01 - [MESSAGE][PASSED] - Browser is opened with url: ''

25-08-2025T21:52:01 - [TEST_STEP][PASSED] - navigateToUrl("https://opensource-demo.orangehrmlive.com/web/index.php/auth/login"): Navigate to 'https://opensource-demo.orangehrmlive.com/web/index.php/auth/login' successfully

25-08-2025T21:52:06 - [MESSAGE][PASSED] - Navigate to 'https://opensource-demo.orangehrmlive.com/web/index.php/auth/login' successfully

25-08-2025T21:52:06 - [TEST_STEP][PASSED] - click(findTestObject("Object Repository/Page_OrangeHRM/h5_Username_oxd-text oxd-text--h5 orangehrm_5e9baf")): Object: 'Object Repository/Page_OrangeHRM/h5_Username_oxd-text oxd-text--h5 orangehrm_5e9baf' is clicked on

25-08-2025T21:52:08 - [MESSAGE][PASSED] - Object: 'Object Repository/Page_OrangeHRM/h5_Username_oxd-text oxd-text--h5 orangehrm_5e9baf' is clicked on

25-08-2025T21:52:08 - [TEST_STEP][PASSED] - setText(findTestObject("Object Repository/Page_OrangeHRM/input_Username_username"), "Admin"): Text 'Admin' is set on object 'Object Repository/Page_OrangeHRM/input_Username_username'

25-08-2025T21:52:08 - [MESSAGE][PASSED] - Text 'Admin' is set on object 'Object Repository/Page_OrangeHRM/input_Username_username'

25-08-2025T21:52:08 - [TEST_STEP][PASSED] - setEncryptedText(findTestObject("Object Repository/Page_OrangeHRM/input_Password_password"), "hUKwJTbofgPU9eVlw/CnDQ=="): Text ****** has been set on object 'Object Repository/Page_OrangeHRM/input_Password_password'

25-08-2025T21:52:08 - [MESSAGE][PASSED] - Text ****** has been set on object 'Object Repository/Page_OrangeHRM/input_Password_password'

25-08-2025T21:52:09 - [TEST_STEP][PASSED] - click(findTestObject("Object Repository/Page_OrangeHRM/button_Password_oxd-button oxd-button--medi_8860b7")): Object: 'Object Repository/Page_OrangeHRM/button_Password_oxd-button oxd-button--medi_8860b7' is clicked on

25-08-2025T21:52:09 - [MESSAGE][PASSED] - Object: 'Object Repository/Page_OrangeHRM/button_Password_oxd-button oxd-button--medi_8860b7' is clicked on

25-08-2025T21:52:09 - [TEST_STEP][PASSED] - click(findTestObject("Object Repository/Page_OrangeHRM/h6_Buzz_oxd-text oxd-text--h6 oxd-topbar-he_ad8d38")): Object: 'Object Repository/Page_OrangeHRM/h6_Buzz_oxd-text oxd-text--h6 oxd-topbar-he_ad8d38' is clicked on

25-08-2025T21:52:14 - [MESSAGE][PASSED] - Object: 'Object Repository/Page_OrangeHRM/h6_Buzz_oxd-text oxd-text--h6 oxd-topbar-he_ad8d38' is clicked on

25-08-2025T21:52:14 - [TEST_STEP][PASSED] - closeBrowser(): Browser is closed

25-08-2025T21:52:14 - [MESSAGE][PASSED] - Browser is closed]]></system-out>
         <system-err><![CDATA[]]></system-err>
      </testcase>
      <system-out><![CDATA[25-08-2025T21:51:58 - [TEST_SUITE][PASSED] - Login Test: null]]></system-out>
      <system-err><![CDATA[]]></system-err>
   </testsuite>
</testsuites>
